Copyright 1986-2019 Xilinx, Inc. All Rights Reserved.
----------------------------------------------------------------------------------------------------------------------------------------------------------------
| Tool Version     : Vivado v.2019.1.3 (win64) Build 2644227 Wed Sep  4 09:45:24 MDT 2019
| Date             : Tue Apr  5 19:39:22 2022
| Host             : DESKTOP-0NNGBEI running 64-bit major release  (build 9200)
| Command          : report_power -file system_wrapper_power_routed.rpt -pb system_wrapper_power_summary_routed.pb -rpx system_wrapper_power_routed.rpx
| Design           : system_wrapper
| Device           : xc7z010clg400-1
| Design State     : routed
| Grade            : commercial
| Process          : typical
| Characterization : Production
----------------------------------------------------------------------------------------------------------------------------------------------------------------

Power Report

Table of Contents
-----------------
1. Summary
1.1 On-Chip Components
1.2 Power Supply Summary
1.3 Confidence Level
2. Settings
2.1 Environment
2.2 Clock Constraints
3. Detailed Reports
3.1 By Hierarchy

1. Summary
----------

+--------------------------+--------------+
| Total On-Chip Power (W)  | 1.502        |
| Design Power Budget (W)  | Unspecified* |
| Power Budget Margin (W)  | NA           |
| Dynamic (W)              | 1.382        |
| Device Static (W)        | 0.120        |
| Effective TJA (C/W)      | 11.5         |
| Max Ambient (C)          | 67.7         |
| Junction Temperature (C) | 42.3         |
| Confidence Level         | Low          |
| Setting File             | ---          |
| Simulation Activity File | ---          |
| Design Nets Matched      | NA           |
+--------------------------+--------------+
* Specify Design Power Budget using, set_operating_conditions -design_power_budget <value in Watts>


1.1 On-Chip Components
----------------------

+-------------------------+-----------+----------+-----------+-----------------+
| On-Chip                 | Power (W) | Used     | Available | Utilization (%) |
+-------------------------+-----------+----------+-----------+-----------------+
| Clocks                  |     0.010 |        9 |       --- |             --- |
| Slice Logic             |     0.005 |     4316 |       --- |             --- |
|   LUT as Logic          |     0.004 |     1558 |     17600 |            8.85 |
|   CARRY4                |    <0.001 |      130 |      4400 |            2.95 |
|   Register              |    <0.001 |     1867 |     35200 |            5.30 |
|   LUT as Shift Register |    <0.001 |       62 |      6000 |            1.03 |
|   Others                |     0.000 |      324 |       --- |             --- |
| Signals                 |     0.006 |     2995 |       --- |             --- |
| MMCM                    |     0.106 |        1 |         2 |           50.00 |
| I/O                     |    <0.001 |       20 |       100 |           20.00 |
| XADC                    |     0.002 |        1 |       --- |             --- |
| PS7                     |     1.253 |        1 |       --- |             --- |
| Static Power            |     0.120 |          |           |                 |
| Total                   |     1.502 |          |           |                 |
+-------------------------+-----------+----------+-----------+-----------------+


1.2 Power Supply Summary
------------------------

+-----------+-------------+-----------+-------------+------------+
| Source    | Voltage (V) | Total (A) | Dynamic (A) | Static (A) |
+-----------+-------------+-----------+-------------+------------+
| Vccint    |       1.000 |     0.028 |       0.021 |      0.006 |
| Vccaux    |       1.800 |     0.066 |       0.059 |      0.008 |
| Vcco33    |       3.300 |     0.001 |       0.000 |      0.001 |
| Vcco25    |       2.500 |     0.000 |       0.000 |      0.000 |
| Vcco18    |       1.800 |     0.000 |       0.000 |      0.000 |
| Vcco15    |       1.500 |     0.000 |       0.000 |      0.000 |
| Vcco135   |       1.350 |     0.000 |       0.000 |      0.000 |
| Vcco12    |       1.200 |     0.000 |       0.000 |      0.000 |
| Vccaux_io |       1.800 |     0.000 |       0.000 |      0.000 |
| Vccbram   |       1.000 |     0.000 |       0.000 |      0.000 |
| MGTAVcc   |       1.000 |     0.000 |       0.000 |      0.000 |
| MGTAVtt   |       1.200 |     0.000 |       0.000 |      0.000 |
| MGTVccaux |       1.800 |     0.000 |       0.000 |      0.000 |
| Vccpint   |       1.000 |     0.677 |       0.649 |      0.028 |
| Vccpaux   |       1.800 |     0.036 |       0.026 |      0.010 |
| Vccpll    |       1.800 |     0.017 |       0.014 |      0.003 |
| Vcco_ddr  |       1.500 |     0.354 |       0.352 |      0.002 |
| Vcco_mio0 |       3.300 |     0.001 |       0.000 |      0.001 |
| Vcco_mio1 |       1.800 |     0.003 |       0.002 |      0.001 |
| Vccadc    |       1.800 |     0.021 |       0.001 |      0.020 |
+-----------+-------------+-----------+-------------+------------+


1.3 Confidence Level
--------------------

+-----------------------------+------------+--------------------------------------------------------+------------------------------------------------------------------------------------------------------------+
| User Input Data             | Confidence | Details                                                | Action                                                                                                     |
+-----------------------------+------------+--------------------------------------------------------+------------------------------------------------------------------------------------------------------------+
| Design implementation state | High       | Design is routed                                       |                                                                                                            |
| Clock nodes activity        | High       | User specified more than 95% of clocks                 |                                                                                                            |
| I/O nodes activity          | Low        | More than 75% of inputs are missing user specification | Provide missing input activity with simulation results or by editing the "By Resource Type -> I/Os" view   |
| Internal nodes activity     | Medium     | User specified less than 25% of internal nodes         | Provide missing internal nodes activity with simulation results or by editing the "By Resource Type" views |
| Device models               | High       | Device models are Production                           |                                                                                                            |
|                             |            |                                                        |                                                                                                            |
| Overall confidence level    | Low        |                                                        |                                                                                                            |
+-----------------------------+------------+--------------------------------------------------------+------------------------------------------------------------------------------------------------------------+


2. Settings
-----------

2.1 Environment
---------------

+-----------------------+------------------------+
| Ambient Temp (C)      | 25.0                   |
| ThetaJA (C/W)         | 11.5                   |
| Airflow (LFM)         | 250                    |
| Heat Sink             | none                   |
| ThetaSA (C/W)         | 0.0                    |
| Board Selection       | medium (10"x10")       |
| # of Board Layers     | 8to11 (8 to 11 Layers) |
| Board Temperature (C) | 25.0                   |
+-----------------------+------------------------+


2.2 Clock Constraints
---------------------

+---------------------------------+-------------------------------------------------------+-----------------+
| Clock                           | Domain                                                | Constraint (ns) |
+---------------------------------+-------------------------------------------------------+-----------------+
| clk_125Mhz_system_clk_wiz_0_0   | system_i/clk_wiz_0/inst/clk_125Mhz_system_clk_wiz_0_0 |             8.0 |
| clk_125Mhz_system_clk_wiz_0_0_1 | system_i/clk_wiz_0/inst/clk_125Mhz_system_clk_wiz_0_0 |             8.0 |
| clk_sys                         | clk_sys                                               |             8.0 |
| clkfbout_system_clk_wiz_0_0     | system_i/clk_wiz_0/inst/clkfbout_system_clk_wiz_0_0   |             8.0 |
| clkfbout_system_clk_wiz_0_0_1   | system_i/clk_wiz_0/inst/clkfbout_system_clk_wiz_0_0   |             8.0 |
| sys_clk_pin                     | clk_sys                                               |             8.0 |
+---------------------------------+-------------------------------------------------------+-----------------+


3. Detailed Reports
-------------------

3.1 By Hierarchy
----------------

+--------------------------+-----------+
| Name                     | Power (W) |
+--------------------------+-----------+
| system_wrapper           |     1.382 |
|   system_i               |     1.382 |
|     PWM_0                |     0.001 |
|       inst               |     0.001 |
|     axi_timer_0          |     0.005 |
|       U0                 |     0.005 |
|     axi_timer_1          |     0.004 |
|       U0                 |     0.004 |
|     clk_wiz_0            |     0.107 |
|       inst               |     0.107 |
|     processing_system7_0 |     1.254 |
|       inst               |     1.254 |
|     ps7_0_axi_periph     |     0.005 |
|       s00_couplers       |     0.005 |
|     xadc_wiz_0           |     0.004 |
|       U0                 |     0.004 |
+--------------------------+-----------+


