Copyright 1986-2019 Xilinx, Inc. All Rights Reserved.
-------------------------------------------------------------------------------------------
| Tool Version : Vivado v.2019.1.3 (win64) Build 2644227 Wed Sep  4 09:45:24 MDT 2019
| Date         : Thu Apr  7 01:14:35 2022
| Host         : DESKTOP-0NNGBEI running 64-bit major release  (build 9200)
| Command      : report_control_sets -verbose -file system_wrapper_control_sets_placed.rpt
| Design       : system_wrapper
| Device       : xc7z010
-------------------------------------------------------------------------------------------

Control Set Information

Table of Contents
-----------------
1. Summary
2. Histogram
3. Flip-Flop Distribution
4. Detailed Control Set Information

1. Summary
----------

+----------------------------------------------------------+-------+
|                          Status                          | Count |
+----------------------------------------------------------+-------+
| Total control sets                                       |   112 |
|    Minimum number of control sets                        |   112 |
|    Addition due to synthesis replication                 |     0 |
|    Addition due to physical synthesis replication        |     0 |
| Unused register locations in slices containing registers |   269 |
+----------------------------------------------------------+-------+
* Control sets can be merged at opt_design using control_set_merge or merge_equivalent_drivers
** Run report_qor_suggestions for automated merging and remapping suggestions


2. Histogram
------------

+--------------------+-------+
|       Fanout       | Count |
+--------------------+-------+
| Total control sets |   112 |
| >= 0 to < 4        |    10 |
| >= 4 to < 6        |    21 |
| >= 6 to < 8        |     7 |
| >= 8 to < 10       |    24 |
| >= 10 to < 12      |     3 |
| >= 12 to < 14      |     7 |
| >= 14 to < 16      |     4 |
| >= 16              |    36 |
+--------------------+-------+
* Control sets can be remapped at either synth_design or opt_design


3. Flip-Flop Distribution
-------------------------

+--------------+-----------------------+------------------------+-----------------+--------------+
| Clock Enable | Synchronous Set/Reset | Asynchronous Set/Reset | Total Registers | Total Slices |
+--------------+-----------------------+------------------------+-----------------+--------------+
| No           | No                    | No                     |             210 |           74 |
| No           | No                    | Yes                    |               0 |            0 |
| No           | Yes                   | No                     |             389 |          128 |
| Yes          | No                    | No                     |             518 |          124 |
| Yes          | No                    | Yes                    |               0 |            0 |
| Yes          | Yes                   | No                     |             750 |          267 |
+--------------+-----------------------+------------------------+-----------------+--------------+


4. Detailed Control Set Information
-----------------------------------

+-------------------------------------+--------------------------------------------------------------------------------------------------------------------------------------------------------------+-----------------------------------------------------------------------------------------------------------------------------------------------------+------------------+----------------+
|             Clock Signal            |                                                                         Enable Signal                                                                        |                                                                   Set/Reset Signal                                                                  | Slice Load Count | Bel Load Count |
+-------------------------------------+--------------------------------------------------------------------------------------------------------------------------------------------------------------+-----------------------------------------------------------------------------------------------------------------------------------------------------+------------------+----------------+
|  system_i/clk_wiz_0/inst/clk_125Mhz |                                                                                                                                                              | system_i/axi_timer_1/U0/TC_CORE_I/TIMER_CONTROL_I/R_0                                                                                               |                1 |              1 |
|  system_i/clk_wiz_0/inst/clk_125Mhz |                                                                                                                                                              | system_i/axi_timer_0/U0/TC_CORE_I/TIMER_CONTROL_I/READ_DONE1_I_i_1_n_0                                                                              |                1 |              1 |
|  system_i/clk_wiz_0/inst/clk_125Mhz |                                                                                                                                                              | system_i/axi_timer_0/U0/TC_CORE_I/TIMER_CONTROL_I/R_0                                                                                               |                1 |              1 |
|  system_i/clk_wiz_0/inst/clk_125Mhz |                                                                                                                                                              | system_i/axi_timer_0/U0/TC_CORE_I/TIMER_CONTROL_I/R                                                                                                 |                1 |              1 |
|  system_i/clk_wiz_0/inst/clk_125Mhz |                                                                                                                                                              | system_i/axi_timer_0/U0/AXI4_LITE_I/I_SLAVE_ATTACHMENT/I_DECODER/GEN_BKEND_CE_REGISTERS[4].ce_out_i_reg[4]_0                                        |                1 |              1 |
|  system_i/clk_wiz_0/inst/clk_125Mhz |                                                                                                                                                              | system_i/axi_timer_0/U0/AXI4_LITE_I/I_SLAVE_ATTACHMENT/I_DECODER/GEN_BKEND_CE_REGISTERS[0].ce_out_i_reg[0]_0                                        |                1 |              1 |
|  system_i/clk_wiz_0/inst/clk_125Mhz |                                                                                                                                                              | system_i/axi_timer_1/U0/AXI4_LITE_I/I_SLAVE_ATTACHMENT/I_DECODER/GEN_BKEND_CE_REGISTERS[0].ce_out_i_reg[0]_0                                        |                1 |              1 |
|  system_i/clk_wiz_0/inst/clk_125Mhz |                                                                                                                                                              | system_i/axi_timer_1/U0/AXI4_LITE_I/I_SLAVE_ATTACHMENT/I_DECODER/GEN_BKEND_CE_REGISTERS[4].ce_out_i_reg[4]_0                                        |                1 |              1 |
|  system_i/clk_wiz_0/inst/clk_125Mhz |                                                                                                                                                              | system_i/axi_timer_1/U0/TC_CORE_I/TIMER_CONTROL_I/READ_DONE1_I_i_1_n_0                                                                              |                1 |              1 |
|  system_i/clk_wiz_0/inst/clk_125Mhz | system_i/ps7_0_axi_periph/s00_couplers/auto_pc/inst/gen_axilite.gen_b2s_conv.axilite_b2s/WR.b_channel_0/bid_fifo_0/bresp_push                                |                                                                                                                                                     |                1 |              2 |
|  system_i/clk_wiz_0/inst/clk_125Mhz |                                                                                                                                                              | system_i/axi_gpio_0/U0/AXI_LITE_IPIF_I/I_SLAVE_ATTACHMENT/clear                                                                                     |                1 |              4 |
|  system_i/clk_wiz_0/inst/clk_125Mhz |                                                                                                                                                              | system_i/rst_clk_wiz_0_125M/U0/EXT_LPF/lpf_int                                                                                                      |                1 |              4 |
|  system_i/clk_wiz_0/inst/clk_125Mhz | system_i/xadc_wiz_0/U0/AXI_XADC_CORE_I/D[6]                                                                                                                  | system_i/xadc_wiz_0/U0/AXI_LITE_IPIF_I/I_SLAVE_ATTACHMENT/reset2ip_reset                                                                            |                2 |              4 |
|  system_i/clk_wiz_0/inst/clk_125Mhz |                                                                                                                                                              | system_i/ps7_0_axi_periph/s00_couplers/auto_pc/inst/gen_axilite.gen_b2s_conv.axilite_b2s/SI_REG/ar.ar_pipe/aresetn_d_reg[1]_inv_0                   |                2 |              4 |
|  system_i/clk_wiz_0/inst/clk_125Mhz |                                                                                                                                                              | system_i/ps7_0_axi_periph/s00_couplers/auto_pc/inst/gen_axilite.gen_b2s_conv.axilite_b2s/SI_REG/aw.aw_pipe/aresetn_d_reg[0]_0                       |                3 |              4 |
|  system_i/clk_wiz_0/inst/clk_125Mhz | system_i/axi_timer_0/U0/AXI4_LITE_I/I_SLAVE_ATTACHMENT/bus2ip_addr_i[4]_i_1_n_0                                                                              | system_i/axi_timer_0/U0/AXI4_LITE_I/I_SLAVE_ATTACHMENT/rst                                                                                          |                1 |              4 |
|  system_i/clk_wiz_0/inst/clk_125Mhz | system_i/axi_gpio_1/U0/AXI_LITE_IPIF_I/I_SLAVE_ATTACHMENT/start2                                                                                             | system_i/axi_gpio_1/U0/AXI_LITE_IPIF_I/I_SLAVE_ATTACHMENT/I_DECODER/cs_ce_clr                                                                       |                1 |              4 |
|  system_i/clk_wiz_0/inst/clk_125Mhz |                                                                                                                                                              | system_i/axi_gpio_0/U0/gpio_core_1/Not_Dual.ALLIN1_ND.READ_REG_GEN[3].reg1[31]_i_1_n_0                                                              |                1 |              4 |
|  system_i/clk_wiz_0/inst/clk_125Mhz |                                                                                                                                                              | system_i/axi_gpio_1/U0/AXI_LITE_IPIF_I/I_SLAVE_ATTACHMENT/clear                                                                                     |                1 |              4 |
|  system_i/clk_wiz_0/inst/clk_125Mhz | system_i/axi_gpio_1/U0/AXI_LITE_IPIF_I/I_SLAVE_ATTACHMENT/bus2ip_addr_i[8]_i_1_n_0                                                                           | system_i/axi_gpio_1/U0/AXI_LITE_IPIF_I/I_SLAVE_ATTACHMENT/SR[0]                                                                                     |                1 |              4 |
|  system_i/clk_wiz_0/inst/clk_125Mhz | system_i/axi_timer_0/U0/AXI4_LITE_I/I_SLAVE_ATTACHMENT/I_DECODER/pair0_Select                                                                                | system_i/axi_timer_0/U0/TC_CORE_I/GEN_SECOND_TIMER.COUNTER_1_I/COUNTER_I/s_axi_aresetn_0                                                            |                2 |              4 |
|  system_i/clk_wiz_0/inst/clk_125Mhz | system_i/axi_gpio_0/U0/AXI_LITE_IPIF_I/I_SLAVE_ATTACHMENT/I_DECODER/MEM_DECODE_GEN[0].cs_out_i_reg[0]_1[0]                                                   | system_i/axi_gpio_0/U0/bus2ip_reset                                                                                                                 |                1 |              4 |
|  system_i/clk_wiz_0/inst/clk_125Mhz | system_i/axi_timer_1/U0/AXI4_LITE_I/I_SLAVE_ATTACHMENT/bus2ip_addr_i[4]_i_1_n_0                                                                              | system_i/axi_timer_1/U0/AXI4_LITE_I/I_SLAVE_ATTACHMENT/rst                                                                                          |                1 |              4 |
|  system_i/clk_wiz_0/inst/clk_125Mhz | system_i/axi_timer_1/U0/AXI4_LITE_I/I_SLAVE_ATTACHMENT/I_DECODER/pair0_Select                                                                                | system_i/axi_timer_1/U0/TC_CORE_I/GEN_SECOND_TIMER.COUNTER_1_I/COUNTER_I/s_axi_aresetn_0                                                            |                1 |              4 |
|  system_i/clk_wiz_0/inst/clk_125Mhz | system_i/ps7_0_axi_periph/s00_couplers/auto_pc/inst/gen_axilite.gen_b2s_conv.axilite_b2s/RD.ar_channel_0/ar_cmd_fsm_0/m_axi_arready_0                        | system_i/ps7_0_axi_periph/s00_couplers/auto_pc/inst/gen_axilite.gen_b2s_conv.axilite_b2s/RD.ar_channel_0/ar_cmd_fsm_0/FSM_sequential_state_reg[1]_0 |                3 |              5 |
|  system_i/clk_wiz_0/inst/clk_125Mhz | system_i/PWM_0/inst/PWM_AXI_inst/axi_awready0                                                                                                                | system_i/PWM_0/inst/PWM_AXI_inst/axi_awready_i_1_n_0                                                                                                |                2 |              5 |
|  system_i/clk_wiz_0/inst/clk_125Mhz | system_i/PWM_0/inst/PWM_AXI_inst/axi_arready0                                                                                                                | system_i/PWM_0/inst/PWM_AXI_inst/axi_awready_i_1_n_0                                                                                                |                1 |              5 |
|  system_i/clk_wiz_0/inst/clk_125Mhz | system_i/ps7_0_axi_periph/s00_couplers/auto_pc/inst/gen_axilite.gen_b2s_conv.axilite_b2s/RD.r_channel_0/transaction_fifo_0/cnt_read[4]_i_1__0_n_0            | system_i/ps7_0_axi_periph/s00_couplers/auto_pc/inst/gen_axilite.gen_b2s_conv.axilite_b2s/areset_d1                                                  |                2 |              5 |
|  system_i/clk_wiz_0/inst/clk_125Mhz | system_i/ps7_0_axi_periph/s00_couplers/auto_pc/inst/gen_axilite.gen_b2s_conv.axilite_b2s/RD.r_channel_0/transaction_fifo_0/E[0]                              | system_i/ps7_0_axi_periph/s00_couplers/auto_pc/inst/gen_axilite.gen_b2s_conv.axilite_b2s/areset_d1                                                  |                2 |              5 |
|  system_i/clk_wiz_0/inst/clk_125Mhz |                                                                                                                                                              | system_i/PWM_0/inst/PWM_AXI_inst/axi_awready_i_1_n_0                                                                                                |                2 |              5 |
|  system_i/clk_wiz_0/inst/clk_125Mhz | system_i/ps7_0_axi_periph/s00_couplers/auto_pc/inst/gen_axilite.gen_b2s_conv.axilite_b2s/WR.aw_channel_0/aw_cmd_fsm_0/m_valid_i_reg_0                        | system_i/ps7_0_axi_periph/s00_couplers/auto_pc/inst/gen_axilite.gen_b2s_conv.axilite_b2s/WR.aw_channel_0/aw_cmd_fsm_0/m_valid_i_reg                 |                2 |              5 |
|  system_i/clk_wiz_0/inst/clk_125Mhz | system_i/rst_clk_wiz_0_125M/U0/SEQ/seq_cnt_en                                                                                                                | system_i/rst_clk_wiz_0_125M/U0/SEQ/SEQ_COUNTER/clear                                                                                                |                1 |              6 |
|  system_i/clk_wiz_0/inst/clk_125Mhz |                                                                                                                                                              | system_i/axi_timer_1/U0/AXI4_LITE_I/I_SLAVE_ATTACHMENT/INCLUDE_DPHASE_TIMER.dpto_cnt[5]_i_1_n_0                                                     |                2 |              6 |
|  system_i/clk_wiz_0/inst/clk_125Mhz | system_i/axi_gpio_0/U0/AXI_LITE_IPIF_I/I_SLAVE_ATTACHMENT/s_axi_rresp_i                                                                                      | system_i/axi_gpio_0/U0/bus2ip_reset                                                                                                                 |                3 |              6 |
|  system_i/clk_wiz_0/inst/clk_125Mhz |                                                                                                                                                              | system_i/axi_timer_0/U0/AXI4_LITE_I/I_SLAVE_ATTACHMENT/INCLUDE_DPHASE_TIMER.dpto_cnt[5]_i_1_n_0                                                     |                2 |              6 |
|  system_i/clk_wiz_0/inst/clk_125Mhz |                                                                                                                                                              | system_i/xadc_wiz_0/U0/AXI_LITE_IPIF_I/I_SLAVE_ATTACHMENT/p_2_out                                                                                   |                2 |              7 |
|  system_i/clk_wiz_0/inst/clk_125Mhz | system_i/axi_timer_0/U0/AXI4_LITE_I/I_SLAVE_ATTACHMENT/start2                                                                                                | system_i/axi_timer_0/U0/AXI4_LITE_I/I_SLAVE_ATTACHMENT/I_DECODER/cs_ce_clr                                                                          |                2 |              7 |
|  system_i/clk_wiz_0/inst/clk_125Mhz | system_i/axi_timer_1/U0/AXI4_LITE_I/I_SLAVE_ATTACHMENT/start2                                                                                                | system_i/axi_timer_1/U0/AXI4_LITE_I/I_SLAVE_ATTACHMENT/I_DECODER/cs_ce_clr                                                                          |                2 |              7 |
|  system_i/clk_wiz_0/inst/clk_125Mhz | system_i/PWM_0/inst/PWM_AXI_inst/period_reg[15]_i_1_n_0                                                                                                      | system_i/PWM_0/inst/PWM_AXI_inst/axi_awready_i_1_n_0                                                                                                |                1 |              8 |
|  system_i/clk_wiz_0/inst/clk_125Mhz | system_i/PWM_0/inst/PWM_AXI_inst/period_reg[31]_i_1_n_0                                                                                                      | system_i/PWM_0/inst/PWM_AXI_inst/axi_awready_i_1_n_0                                                                                                |                2 |              8 |
|  system_i/clk_wiz_0/inst/clk_125Mhz | system_i/PWM_0/inst/PWM_AXI_inst/period_reg[23]_i_1_n_0                                                                                                      | system_i/PWM_0/inst/PWM_AXI_inst/axi_awready_i_1_n_0                                                                                                |                2 |              8 |
|  system_i/clk_wiz_0/inst/clk_125Mhz | system_i/PWM_0/inst/PWM_AXI_inst/ctrl_reg[7]_i_1_n_0                                                                                                         | system_i/PWM_0/inst/PWM_AXI_inst/axi_awready_i_1_n_0                                                                                                |                2 |              8 |
|  system_i/clk_wiz_0/inst/clk_125Mhz | system_i/PWM_0/inst/PWM_AXI_inst/status_reg[23]_i_1_n_0                                                                                                      | system_i/PWM_0/inst/PWM_AXI_inst/axi_awready_i_1_n_0                                                                                                |                3 |              8 |
|  system_i/clk_wiz_0/inst/clk_125Mhz | system_i/PWM_0/inst/PWM_AXI_inst/status_reg[7]_i_1_n_0                                                                                                       | system_i/PWM_0/inst/PWM_AXI_inst/axi_awready_i_1_n_0                                                                                                |                2 |              8 |
|  system_i/clk_wiz_0/inst/clk_125Mhz | system_i/PWM_0/inst/PWM_AXI_inst/status_reg[31]_i_1_n_0                                                                                                      | system_i/PWM_0/inst/PWM_AXI_inst/axi_awready_i_1_n_0                                                                                                |                2 |              8 |
|  system_i/clk_wiz_0/inst/clk_125Mhz | system_i/axi_timer_0/U0/AXI4_LITE_I/I_SLAVE_ATTACHMENT/I_DECODER/bus2ip_wrce[0]                                                                              | system_i/axi_timer_0/U0/TC_CORE_I/GEN_SECOND_TIMER.COUNTER_1_I/COUNTER_I/s_axi_aresetn_0                                                            |                3 |              8 |
|  system_i/clk_wiz_0/inst/clk_125Mhz |                                                                                                                                                              | system_i/axi_gpio_1/U0/gpio_core_1/Read_Reg_Rst__0                                                                                                  |                1 |              8 |
|  system_i/clk_wiz_0/inst/clk_125Mhz | system_i/PWM_0/inst/PWM_AXI_inst/p_1_in[7]                                                                                                                   | system_i/PWM_0/inst/PWM_AXI_inst/axi_awready_i_1_n_0                                                                                                |                1 |              8 |
|  system_i/clk_wiz_0/inst/clk_125Mhz | system_i/PWM_0/inst/PWM_AXI_inst/p_1_in[15]                                                                                                                  | system_i/PWM_0/inst/PWM_AXI_inst/axi_awready_i_1_n_0                                                                                                |                2 |              8 |
|  system_i/clk_wiz_0/inst/clk_125Mhz | system_i/PWM_0/inst/PWM_AXI_inst/p_1_in[31]                                                                                                                  | system_i/PWM_0/inst/PWM_AXI_inst/axi_awready_i_1_n_0                                                                                                |                1 |              8 |
|  system_i/clk_wiz_0/inst/clk_125Mhz | system_i/axi_gpio_0/U0/AXI_LITE_IPIF_I/I_SLAVE_ATTACHMENT/bus2ip_addr_i[8]_i_1_n_0                                                                           | system_i/axi_gpio_0/U0/bus2ip_reset                                                                                                                 |                1 |              8 |
|  system_i/clk_wiz_0/inst/clk_125Mhz | system_i/PWM_0/inst/PWM_AXI_inst/status_reg[15]_i_1_n_0                                                                                                      | system_i/PWM_0/inst/PWM_AXI_inst/axi_awready_i_1_n_0                                                                                                |                3 |              8 |
|  system_i/clk_wiz_0/inst/clk_125Mhz | system_i/PWM_0/inst/PWM_AXI_inst/p_1_in[23]                                                                                                                  | system_i/PWM_0/inst/PWM_AXI_inst/axi_awready_i_1_n_0                                                                                                |                4 |              8 |
|  system_i/clk_wiz_0/inst/clk_125Mhz | system_i/axi_timer_1/U0/AXI4_LITE_I/I_SLAVE_ATTACHMENT/I_DECODER/bus2ip_wrce[0]                                                                              | system_i/axi_timer_1/U0/TC_CORE_I/GEN_SECOND_TIMER.COUNTER_1_I/COUNTER_I/s_axi_aresetn_0                                                            |                4 |              8 |
|  system_i/clk_wiz_0/inst/clk_125Mhz | system_i/ps7_0_axi_periph/s00_couplers/auto_pc/inst/gen_axilite.gen_b2s_conv.axilite_b2s/WR.b_channel_0/mhandshake_r                                         | system_i/ps7_0_axi_periph/s00_couplers/auto_pc/inst/gen_axilite.gen_b2s_conv.axilite_b2s/WR.b_channel_0/bid_fifo_0/SR[0]                            |                2 |              8 |
|  system_i/clk_wiz_0/inst/clk_125Mhz | system_i/PWM_0/inst/PWM_AXI_inst/period_reg[7]_i_1_n_0                                                                                                       | system_i/PWM_0/inst/PWM_AXI_inst/axi_awready_i_1_n_0                                                                                                |                2 |              8 |
|  system_i/clk_wiz_0/inst/clk_125Mhz | system_i/PWM_0/inst/PWM_AXI_inst/ctrl_reg[23]_i_1_n_0                                                                                                        | system_i/PWM_0/inst/PWM_AXI_inst/axi_awready_i_1_n_0                                                                                                |                2 |              8 |
|  system_i/clk_wiz_0/inst/clk_125Mhz | system_i/PWM_0/inst/PWM_AXI_inst/ctrl_reg[15]_i_1_n_0                                                                                                        | system_i/PWM_0/inst/PWM_AXI_inst/axi_awready_i_1_n_0                                                                                                |                1 |              8 |
|  system_i/clk_wiz_0/inst/clk_125Mhz | system_i/PWM_0/inst/PWM_AXI_inst/ctrl_reg[31]_i_1_n_0                                                                                                        | system_i/PWM_0/inst/PWM_AXI_inst/axi_awready_i_1_n_0                                                                                                |                1 |              8 |
|  system_i/clk_wiz_0/inst/clk_125Mhz | system_i/axi_gpio_1/U0/AXI_LITE_IPIF_I/I_SLAVE_ATTACHMENT/s_axi_rresp_i                                                                                      | system_i/axi_gpio_1/U0/AXI_LITE_IPIF_I/I_SLAVE_ATTACHMENT/SR[0]                                                                                     |                2 |              9 |
|  system_i/clk_wiz_0/inst/clk_125Mhz | system_i/axi_timer_0/U0/AXI4_LITE_I/I_SLAVE_ATTACHMENT/I_DECODER/bus2ip_wrce[1]                                                                              | system_i/axi_timer_0/U0/TC_CORE_I/GEN_SECOND_TIMER.COUNTER_1_I/COUNTER_I/s_axi_aresetn_0                                                            |                4 |              9 |
|  system_i/clk_wiz_0/inst/clk_125Mhz | system_i/axi_timer_1/U0/AXI4_LITE_I/I_SLAVE_ATTACHMENT/I_DECODER/bus2ip_wrce[1]                                                                              | system_i/axi_timer_1/U0/TC_CORE_I/GEN_SECOND_TIMER.COUNTER_1_I/COUNTER_I/s_axi_aresetn_0                                                            |                3 |              9 |
|  system_i/clk_wiz_0/inst/clk_125Mhz |                                                                                                                                                              | system_i/ps7_0_axi_periph/s00_couplers/auto_pc/inst/gen_axilite.gen_b2s_conv.axilite_b2s/areset_d1                                                  |                4 |             10 |
|  system_i/clk_wiz_0/inst/clk_125Mhz |                                                                                                                                                              | system_i/axi_timer_1/U0/AXI4_LITE_I/I_SLAVE_ATTACHMENT/rst                                                                                          |                4 |             11 |
|  system_i/clk_wiz_0/inst/clk_125Mhz |                                                                                                                                                              | system_i/axi_timer_0/U0/AXI4_LITE_I/I_SLAVE_ATTACHMENT/rst                                                                                          |                4 |             11 |
|  system_i/clk_wiz_0/inst/clk_125Mhz | system_i/ps7_0_axi_periph/s00_couplers/auto_pc/inst/gen_axilite.gen_b2s_conv.axilite_b2s/RD.ar_channel_0/ar_cmd_fsm_0/E[0]                                   |                                                                                                                                                     |                4 |             12 |
|  system_i/clk_wiz_0/inst/clk_125Mhz |                                                                                                                                                              | system_i/axi_timer_1/U0/TC_CORE_I/GEN_SECOND_TIMER.COUNTER_1_I/COUNTER_I/s_axi_aresetn_0                                                            |                6 |             12 |
|  system_i/clk_wiz_0/inst/clk_125Mhz | system_i/ps7_0_axi_periph/s00_couplers/auto_pc/inst/gen_axilite.gen_b2s_conv.axilite_b2s/WR.aw_channel_0/aw_cmd_fsm_0/E[0]                                   |                                                                                                                                                     |                6 |             12 |
|  system_i/clk_wiz_0/inst/clk_125Mhz | system_i/ps7_0_axi_periph/s00_couplers/auto_pc/inst/gen_axilite.gen_b2s_conv.axilite_b2s/WR.aw_channel_0/cmd_translator_0/incr_cmd_0/axaddr_incr[11]_i_1_n_0 |                                                                                                                                                     |                2 |             12 |
|  system_i/clk_wiz_0/inst/clk_125Mhz | system_i/ps7_0_axi_periph/s00_couplers/auto_pc/inst/gen_axilite.gen_b2s_conv.axilite_b2s/RD.ar_channel_0/ar_cmd_fsm_0/sel_first_reg[0]                       |                                                                                                                                                     |                2 |             12 |
|  system_i/clk_wiz_0/inst/clk_125Mhz |                                                                                                                                                              | system_i/axi_timer_0/U0/TC_CORE_I/GEN_SECOND_TIMER.COUNTER_1_I/COUNTER_I/s_axi_aresetn_0                                                            |                6 |             13 |
|  system_i/clk_wiz_0/inst/clk_125Mhz | system_i/ps7_0_axi_periph/s00_couplers/auto_pc/inst/gen_axilite.gen_b2s_conv.axilite_b2s/RD.r_channel_0/r_push_r                                             |                                                                                                                                                     |                4 |             13 |
|  system_i/clk_wiz_0/inst/clk_125Mhz |                                                                                                                                                              | system_i/ps7_0_axi_periph/xbar/inst/gen_sasd.crossbar_sasd_0/addr_arbiter_inst/SR[0]                                                                |                4 |             14 |
|  system_i/clk_wiz_0/inst/clk_125Mhz | system_i/ps7_0_axi_periph/s00_couplers/auto_pc/inst/gen_axilite.gen_b2s_conv.axilite_b2s/SI_REG/b.b_pipe/p_1_in                                              |                                                                                                                                                     |                2 |             14 |
|  system_i/clk_wiz_0/inst/clk_125Mhz | system_i/ps7_0_axi_periph/s00_couplers/auto_pc/inst/gen_axilite.gen_b2s_conv.axilite_b2s/SI_REG/b.b_pipe/s_ready_i_reg_0                                     |                                                                                                                                                     |                3 |             14 |
|  system_i/clk_wiz_0/inst/clk_125Mhz | system_i/ps7_0_axi_periph/xbar/inst/gen_sasd.crossbar_sasd_0/reg_slice_r/aa_rready                                                                           |                                                                                                                                                     |                6 |             15 |
|  system_i/clk_wiz_0/inst/clk_125Mhz |                                                                                                                                                              | system_i/xadc_wiz_0/U0/AXI_XADC_CORE_I/do_reg[15]_i_1_n_0                                                                                           |                4 |             16 |
|  system_i/clk_wiz_0/inst/clk_125Mhz | system_i/ps7_0_axi_periph/s00_couplers/auto_pc/inst/gen_axilite.gen_b2s_conv.axilite_b2s/WR.aw_channel_0/aw_cmd_fsm_0/b_push                                 |                                                                                                                                                     |                3 |             16 |
|  system_i/clk_wiz_0/inst/clk_125Mhz | system_i/axi_gpio_1/U0/AXI_LITE_IPIF_I/I_SLAVE_ATTACHMENT/I_DECODER/E[0]                                                                                     | system_i/axi_gpio_1/U0/AXI_LITE_IPIF_I/I_SLAVE_ATTACHMENT/SR[0]                                                                                     |                2 |             16 |
|  system_i/clk_wiz_0/inst/clk_125Mhz | system_i/xadc_wiz_0/U0/AXI_LITE_IPIF_I/I_SLAVE_ATTACHMENT/I_DECODER/E[0]                                                                                     | system_i/xadc_wiz_0/U0/AXI_LITE_IPIF_I/I_SLAVE_ATTACHMENT/reset2ip_reset                                                                            |                8 |             17 |
|  system_i/clk_wiz_0/inst/clk_125Mhz | system_i/xadc_wiz_0/U0/AXI_LITE_IPIF_I/I_SLAVE_ATTACHMENT/s_axi_rresp_i                                                                                      | system_i/xadc_wiz_0/U0/AXI_LITE_IPIF_I/I_SLAVE_ATTACHMENT/SR[0]                                                                                     |                6 |             20 |
|  system_i/clk_wiz_0/inst/clk_125Mhz | system_i/ps7_0_axi_periph/s00_couplers/auto_pc/inst/gen_axilite.gen_b2s_conv.axilite_b2s/RD.ar_channel_0/ar_cmd_fsm_0/m_axi_arready_0                        |                                                                                                                                                     |                8 |             21 |
|  system_i/clk_wiz_0/inst/clk_125Mhz | system_i/ps7_0_axi_periph/s00_couplers/auto_pc/inst/gen_axilite.gen_b2s_conv.axilite_b2s/WR.aw_channel_0/aw_cmd_fsm_0/m_valid_i_reg_0                        |                                                                                                                                                     |                8 |             21 |
|  system_i/clk_wiz_0/inst/clk_125Mhz | system_i/axi_gpio_0/U0/AXI_LITE_IPIF_I/I_SLAVE_ATTACHMENT/start2                                                                                             | system_i/axi_gpio_0/U0/AXI_LITE_IPIF_I/I_SLAVE_ATTACHMENT/I_DECODER/cs_ce_clr                                                                       |                4 |             21 |
|  system_i/clk_wiz_0/inst/clk_125Mhz | system_i/ps7_0_axi_periph/xbar/inst/gen_sasd.crossbar_sasd_0/addr_arbiter_inst/p_0_in1_in                                                                    | system_i/ps7_0_axi_periph/xbar/inst/gen_sasd.crossbar_sasd_0/addr_arbiter_inst/SR[0]                                                                |                8 |             24 |
|  system_i/clk_wiz_0/inst/clk_125Mhz |                                                                                                                                                              | system_i/axi_gpio_1/U0/AXI_LITE_IPIF_I/I_SLAVE_ATTACHMENT/SR[0]                                                                                     |                8 |             24 |
|  system_i/clk_wiz_0/inst/clk_125Mhz | system_i/xadc_wiz_0/U0/AXI_LITE_IPIF_I/I_SLAVE_ATTACHMENT/I_DECODER/start                                                                                    | system_i/xadc_wiz_0/U0/AXI_LITE_IPIF_I/I_SLAVE_ATTACHMENT/I_DECODER/cs_ce_clr                                                                       |                9 |             25 |
|  system_i/clk_wiz_0/inst/clk_125Mhz |                                                                                                                                                              | system_i/xadc_wiz_0/U0/AXI_LITE_IPIF_I/I_SLAVE_ATTACHMENT/SR[0]                                                                                     |                8 |             26 |
|  system_i/clk_wiz_0/inst/clk_125Mhz | system_i/axi_timer_0/U0/TC_CORE_I/TIMER_CONTROL_I/INPUT_DOUBLE_REGS3/TCSR0_GENERATE[20].TCSR0_FF_I                                                           | system_i/axi_timer_0/U0/TC_CORE_I/GEN_SECOND_TIMER.COUNTER_1_I/COUNTER_I/s_axi_aresetn_0                                                            |                5 |             32 |
|  system_i/clk_wiz_0/inst/clk_125Mhz | system_i/axi_timer_0/U0/TC_CORE_I/TIMER_CONTROL_I/INPUT_DOUBLE_REGS3/generateOutPre0_reg                                                                     | system_i/axi_timer_0/U0/TC_CORE_I/GEN_SECOND_TIMER.COUNTER_1_I/COUNTER_I/s_axi_aresetn_0                                                            |                5 |             32 |
|  system_i/clk_wiz_0/inst/clk_125Mhz |                                                                                                                                                              | system_i/PWM_0/inst/max[31]_i_1_n_0                                                                                                                 |                8 |             32 |
|  system_i/clk_wiz_0/inst/clk_125Mhz | system_i/PWM_0/inst/PWM_AXI_inst/slv_reg_rden__0                                                                                                             | system_i/PWM_0/inst/PWM_AXI_inst/axi_awready_i_1_n_0                                                                                                |               18 |             32 |
|  system_i/clk_wiz_0/inst/clk_125Mhz | system_i/axi_timer_0/U0/TC_CORE_I/TIMER_CONTROL_I/CE_0                                                                                                       | system_i/axi_timer_0/U0/TC_CORE_I/GEN_SECOND_TIMER.COUNTER_1_I/COUNTER_I/s_axi_aresetn_0                                                            |               13 |             32 |
|  system_i/clk_wiz_0/inst/clk_125Mhz | system_i/axi_timer_0/U0/TC_CORE_I/TIMER_CONTROL_I/CE                                                                                                         | system_i/axi_timer_0/U0/TC_CORE_I/GEN_SECOND_TIMER.COUNTER_1_I/COUNTER_I/s_axi_aresetn_0                                                            |               12 |             32 |
|  system_i/clk_wiz_0/inst/clk_125Mhz | system_i/axi_timer_1/U0/AXI4_LITE_I/I_SLAVE_ATTACHMENT/s_axi_rresp_i                                                                                         | system_i/axi_timer_1/U0/AXI4_LITE_I/I_SLAVE_ATTACHMENT/rst                                                                                          |               32 |             32 |
|  system_i/clk_wiz_0/inst/clk_125Mhz | system_i/axi_timer_1/U0/TC_CORE_I/TIMER_CONTROL_I/INPUT_DOUBLE_REGS3/generateOutPre0_reg                                                                     | system_i/axi_timer_1/U0/TC_CORE_I/GEN_SECOND_TIMER.COUNTER_1_I/COUNTER_I/s_axi_aresetn_0                                                            |                5 |             32 |
|  system_i/clk_wiz_0/inst/clk_125Mhz | system_i/axi_timer_1/U0/TC_CORE_I/TIMER_CONTROL_I/INPUT_DOUBLE_REGS3/TCSR0_GENERATE[20].TCSR0_FF_I                                                           | system_i/axi_timer_1/U0/TC_CORE_I/GEN_SECOND_TIMER.COUNTER_1_I/COUNTER_I/s_axi_aresetn_0                                                            |                6 |             32 |
|  system_i/clk_wiz_0/inst/clk_125Mhz | system_i/axi_timer_1/U0/TC_CORE_I/TIMER_CONTROL_I/CE_0                                                                                                       | system_i/axi_timer_1/U0/TC_CORE_I/GEN_SECOND_TIMER.COUNTER_1_I/COUNTER_I/s_axi_aresetn_0                                                            |               12 |             32 |
|  system_i/clk_wiz_0/inst/clk_125Mhz | system_i/axi_timer_1/U0/TC_CORE_I/TIMER_CONTROL_I/CE                                                                                                         | system_i/axi_timer_1/U0/TC_CORE_I/GEN_SECOND_TIMER.COUNTER_1_I/COUNTER_I/s_axi_aresetn_0                                                            |               10 |             32 |
|  system_i/clk_wiz_0/inst/clk_125Mhz | system_i/axi_timer_0/U0/AXI4_LITE_I/I_SLAVE_ATTACHMENT/s_axi_rresp_i                                                                                         | system_i/axi_timer_0/U0/AXI4_LITE_I/I_SLAVE_ATTACHMENT/rst                                                                                          |               32 |             32 |
|  system_i/clk_wiz_0/inst/clk_125Mhz | system_i/ps7_0_axi_periph/s00_couplers/auto_pc/inst/gen_axilite.gen_b2s_conv.axilite_b2s/RD.r_channel_0/rd_data_fifo_0/wr_en0                                |                                                                                                                                                     |                9 |             34 |
|  system_i/clk_wiz_0/inst/clk_125Mhz | system_i/ps7_0_axi_periph/xbar/inst/gen_sasd.crossbar_sasd_0/addr_arbiter_inst/E[0]                                                                          |                                                                                                                                                     |               10 |             35 |
|  system_i/clk_wiz_0/inst/clk_125Mhz |                                                                                                                                                              | system_i/axi_gpio_0/U0/bus2ip_reset                                                                                                                 |               14 |             40 |
|  system_i/clk_wiz_0/inst/clk_125Mhz | system_i/ps7_0_axi_periph/s00_couplers/auto_pc/inst/gen_axilite.gen_b2s_conv.axilite_b2s/SI_REG/r.r_pipe/p_1_in                                              |                                                                                                                                                     |                9 |             47 |
|  system_i/clk_wiz_0/inst/clk_125Mhz | system_i/ps7_0_axi_periph/s00_couplers/auto_pc/inst/gen_axilite.gen_b2s_conv.axilite_b2s/SI_REG/r.r_pipe/s_ready_i_reg_0                                     |                                                                                                                                                     |               12 |             47 |
|  system_i/clk_wiz_0/inst/clk_125Mhz | system_i/ps7_0_axi_periph/s00_couplers/auto_pc/inst/gen_axilite.gen_b2s_conv.axilite_b2s/WR.aw_channel_0/aw_cmd_fsm_0/m_valid_i_reg_1[0]                     |                                                                                                                                                     |                9 |             48 |
|  system_i/clk_wiz_0/inst/clk_125Mhz | system_i/ps7_0_axi_periph/s00_couplers/auto_pc/inst/gen_axilite.gen_b2s_conv.axilite_b2s/SI_REG/ar.ar_pipe/s_ready_i_reg_0                                   |                                                                                                                                                     |               11 |             48 |
|  system_i/clk_wiz_0/inst/clk_125Mhz | system_i/ps7_0_axi_periph/s00_couplers/auto_pc/inst/gen_axilite.gen_b2s_conv.axilite_b2s/RD.ar_channel_0/ar_cmd_fsm_0/FSM_sequential_state_reg[1]_1[0]       |                                                                                                                                                     |                9 |             48 |
|  system_i/clk_wiz_0/inst/clk_125Mhz | system_i/ps7_0_axi_periph/s00_couplers/auto_pc/inst/gen_axilite.gen_b2s_conv.axilite_b2s/SI_REG/aw.aw_pipe/s_ready_i_reg_0                                   |                                                                                                                                                     |                9 |             48 |
|  system_i/clk_wiz_0/inst/clk_125Mhz | system_i/PWM_0/inst/max[31]_i_1_n_0                                                                                                                          |                                                                                                                                                     |               14 |             64 |
|  system_i/clk_wiz_0/inst/clk_125Mhz |                                                                                                                                                              | system_i/xadc_wiz_0/U0/AXI_LITE_IPIF_I/I_SLAVE_ATTACHMENT/reset2ip_reset                                                                            |               31 |            115 |
|  system_i/clk_wiz_0/inst/clk_125Mhz |                                                                                                                                                              |                                                                                                                                                     |               75 |            211 |
+-------------------------------------+--------------------------------------------------------------------------------------------------------------------------------------------------------------+-----------------------------------------------------------------------------------------------------------------------------------------------------+------------------+----------------+


