19:57:45 INFO  : Registering command handlers for SDK TCF services
19:57:47 INFO  : Launching XSCT server: xsct.bat -interactive C:\Users\sixpe\Documents\college\EE316P5\EE316P5\EE316P5.sdk\temp_xsdb_launch_script.tcl
19:57:53 INFO  : XSCT server has started successfully.
19:57:59 INFO  : Successfully done setting XSCT server connection channel  
19:57:59 INFO  : Successfully done setting SDK workspace  
19:57:59 INFO  : Processing command line option -hwspec C:/Users/sixpe/Documents/college/EE316P5/EE316P5/EE316P5.sdk/system_wrapper.hdf.
02:25:38 INFO  : Connected to target on host '127.0.0.1' and port '3121'.
02:25:39 INFO  : 'targets -set -filter {jtag_cable_name =~ "Digilent Cora Z7 - 7010 210370AD5263A" && level==0} -index 1' command is executed.
02:25:41 INFO  : FPGA configured successfully with bitstream "C:/Users/sixpe/Documents/college/EE316P5/EE316P5/EE316P5.sdk/system_wrapper_hw_platform_0/system_wrapper.bit"
02:25:57 INFO  : 'targets -set -filter {jtag_cable_name =~ "Digilent Cora Z7 - 7010 210370AD5263A" && level==0} -index 1' command is executed.
02:25:57 INFO  : 'fpga -state' command is executed.
02:25:57 INFO  : Connected to target on host '127.0.0.1' and port '3121'.
02:25:58 INFO  : Jtag cable 'Digilent Cora Z7 - 7010 210370AD5263A' is selected.
02:25:58 INFO  : 'jtag frequency' command is executed.
02:25:58 INFO  : Sourcing of 'C:/Users/sixpe/Documents/college/EE316P5/EE316P5/EE316P5.sdk/system_wrapper_hw_platform_0/ps7_init.tcl' is done.
02:25:58 INFO  : Context for 'APU' is selected.
02:25:58 INFO  : Hardware design information is loaded from 'C:/Users/sixpe/Documents/college/EE316P5/EE316P5/EE316P5.sdk/system_wrapper_hw_platform_0/system.hdf'.
02:25:58 INFO  : 'configparams force-mem-access 1' command is executed.
02:25:58 INFO  : Context for 'APU' is selected.
02:25:58 INFO  : 'stop' command is executed.
02:25:59 INFO  : 'ps7_init' command is executed.
02:25:59 INFO  : 'ps7_post_config' command is executed.
02:25:59 INFO  : Context for processor 'ps7_cortexa9_0' is selected.
02:25:59 INFO  : Processor reset is completed for 'ps7_cortexa9_0'.
02:25:59 INFO  : Context for processor 'ps7_cortexa9_0' is selected.
02:26:00 INFO  : The application 'C:/Users/sixpe/Documents/college/EE316P5/EE316P5/EE316P5.sdk/SYSTEM/Debug/SYSTEM.elf' is downloaded to processor 'ps7_cortexa9_0'.
02:26:00 INFO  : 'configparams force-mem-access 0' command is executed.
02:26:00 INFO  : ----------------XSDB Script----------------
connect -url tcp:127.0.0.1:3121
source C:/Users/sixpe/Documents/college/EE316P5/EE316P5/EE316P5.sdk/system_wrapper_hw_platform_0/ps7_init.tcl
targets -set -nocase -filter {name =~"APU*" && jtag_cable_name =~ "Digilent Cora Z7 - 7010 210370AD5263A"} -index 0
loadhw -hw C:/Users/sixpe/Documents/college/EE316P5/EE316P5/EE316P5.sdk/system_wrapper_hw_platform_0/system.hdf -mem-ranges [list {0x40000000 0xbfffffff}]
configparams force-mem-access 1
targets -set -nocase -filter {name =~"APU*" && jtag_cable_name =~ "Digilent Cora Z7 - 7010 210370AD5263A"} -index 0
stop
ps7_init
ps7_post_config
targets -set -nocase -filter {name =~ "ARM*#0" && jtag_cable_name =~ "Digilent Cora Z7 - 7010 210370AD5263A"} -index 0
rst -processor
targets -set -nocase -filter {name =~ "ARM*#0" && jtag_cable_name =~ "Digilent Cora Z7 - 7010 210370AD5263A"} -index 0
dow C:/Users/sixpe/Documents/college/EE316P5/EE316P5/EE316P5.sdk/SYSTEM/Debug/SYSTEM.elf
configparams force-mem-access 0
----------------End of Script----------------

02:26:00 INFO  : Memory regions updated for context APU
02:26:00 INFO  : Context for processor 'ps7_cortexa9_0' is selected.
02:26:00 INFO  : 'con' command is executed.
02:26:00 INFO  : ----------------XSDB Script (After Launch)----------------
targets -set -nocase -filter {name =~ "ARM*#0" && jtag_cable_name =~ "Digilent Cora Z7 - 7010 210370AD5263A"} -index 0
con
----------------End of Script----------------

02:26:00 INFO  : Launch script is exported to file 'C:\Users\sixpe\Documents\college\EE316P5\EE316P5\EE316P5.sdk\.sdk\launch_scripts\xilinx_c-c++_application_(system_debugger)\system_debugger_using_debug_system.elf_on_local.tcl'
02:27:48 INFO  : Disconnected from the channel tcfchan#1.
02:27:49 INFO  : 'targets -set -filter {jtag_cable_name =~ "Digilent Cora Z7 - 7010 210370AD5263A" && level==0} -index 1' command is executed.
02:27:49 INFO  : 'fpga -state' command is executed.
02:27:49 INFO  : Connected to target on host '127.0.0.1' and port '3121'.
02:27:49 INFO  : Jtag cable 'Digilent Cora Z7 - 7010 210370AD5263A' is selected.
02:27:49 INFO  : 'jtag frequency' command is executed.
02:27:49 INFO  : Sourcing of 'C:/Users/sixpe/Documents/college/EE316P5/EE316P5/EE316P5.sdk/system_wrapper_hw_platform_0/ps7_init.tcl' is done.
02:27:49 INFO  : Context for 'APU' is selected.
02:27:54 INFO  : Hardware design information is loaded from 'C:/Users/sixpe/Documents/college/EE316P5/EE316P5/EE316P5.sdk/system_wrapper_hw_platform_0/system.hdf'.
02:27:54 INFO  : 'configparams force-mem-access 1' command is executed.
02:27:54 INFO  : Context for 'APU' is selected.
02:27:54 INFO  : 'stop' command is executed.
02:27:58 INFO  : 'ps7_init' command is executed.
02:27:58 INFO  : 'ps7_post_config' command is executed.
02:27:58 INFO  : Context for processor 'ps7_cortexa9_0' is selected.
02:27:58 INFO  : Processor reset is completed for 'ps7_cortexa9_0'.
02:27:58 INFO  : Context for processor 'ps7_cortexa9_0' is selected.
02:28:00 ERROR : Memory write error at 0x100000. APB AP transaction error, DAP status f0000021
02:28:00 INFO  : ----------------XSDB Script----------------
connect -url tcp:127.0.0.1:3121
source C:/Users/sixpe/Documents/college/EE316P5/EE316P5/EE316P5.sdk/system_wrapper_hw_platform_0/ps7_init.tcl
targets -set -nocase -filter {name =~"APU*" && jtag_cable_name =~ "Digilent Cora Z7 - 7010 210370AD5263A"} -index 0
loadhw -hw C:/Users/sixpe/Documents/college/EE316P5/EE316P5/EE316P5.sdk/system_wrapper_hw_platform_0/system.hdf -mem-ranges [list {0x40000000 0xbfffffff}]
configparams force-mem-access 1
targets -set -nocase -filter {name =~"APU*" && jtag_cable_name =~ "Digilent Cora Z7 - 7010 210370AD5263A"} -index 0
stop
ps7_init
ps7_post_config
targets -set -nocase -filter {name =~ "ARM*#0" && jtag_cable_name =~ "Digilent Cora Z7 - 7010 210370AD5263A"} -index 0
rst -processor
targets -set -nocase -filter {name =~ "ARM*#0" && jtag_cable_name =~ "Digilent Cora Z7 - 7010 210370AD5263A"} -index 0
dow C:/Users/sixpe/Documents/college/EE316P5/EE316P5/EE316P5.sdk/SYSTEM/Debug/SYSTEM.elf
----------------End of Script----------------

02:28:06 INFO  : Connected to target on host '127.0.0.1' and port '3121'.
02:28:07 INFO  : 'targets -set -filter {jtag_cable_name =~ "Digilent Cora Z7 - 7010 210370AD5263A" && level==0} -index 1' command is executed.
02:28:09 ERROR : fpga configuration failed. DONE PIN is not HIGH
02:28:29 INFO  : Connected to target on host '127.0.0.1' and port '3121'.
02:28:29 INFO  : 'targets -set -filter {jtag_cable_name =~ "Digilent Cora Z7 - 7010 210370AD5263A" && level==0} -index 1' command is executed.
02:28:30 INFO  : FPGA configured successfully with bitstream "C:/Users/sixpe/Documents/college/EE316P5/EE316P5/EE316P5.sdk/system_wrapper_hw_platform_0/system_wrapper.bit"
02:28:34 INFO  : 'targets -set -filter {jtag_cable_name =~ "Digilent Cora Z7 - 7010 210370AD5263A" && level==0} -index 1' command is executed.
02:28:34 INFO  : 'fpga -state' command is executed.
02:28:34 INFO  : Connected to target on host '127.0.0.1' and port '3121'.
02:28:34 INFO  : Jtag cable 'Digilent Cora Z7 - 7010 210370AD5263A' is selected.
02:28:34 INFO  : 'jtag frequency' command is executed.
02:28:34 INFO  : Sourcing of 'C:/Users/sixpe/Documents/college/EE316P5/EE316P5/EE316P5.sdk/system_wrapper_hw_platform_0/ps7_init.tcl' is done.
02:28:35 INFO  : Context for 'APU' is selected.
02:28:35 INFO  : Hardware design information is loaded from 'C:/Users/sixpe/Documents/college/EE316P5/EE316P5/EE316P5.sdk/system_wrapper_hw_platform_0/system.hdf'.
02:28:35 INFO  : 'configparams force-mem-access 1' command is executed.
02:28:35 INFO  : Context for 'APU' is selected.
02:28:35 INFO  : 'stop' command is executed.
02:28:36 INFO  : 'ps7_init' command is executed.
02:28:36 INFO  : 'ps7_post_config' command is executed.
02:28:36 INFO  : Context for processor 'ps7_cortexa9_0' is selected.
02:28:36 INFO  : Processor reset is completed for 'ps7_cortexa9_0'.
02:28:36 INFO  : Context for processor 'ps7_cortexa9_0' is selected.
02:28:37 INFO  : The application 'C:/Users/sixpe/Documents/college/EE316P5/EE316P5/EE316P5.sdk/SYSTEM/Debug/SYSTEM.elf' is downloaded to processor 'ps7_cortexa9_0'.
02:28:37 INFO  : 'configparams force-mem-access 0' command is executed.
02:28:37 INFO  : ----------------XSDB Script----------------
connect -url tcp:127.0.0.1:3121
source C:/Users/sixpe/Documents/college/EE316P5/EE316P5/EE316P5.sdk/system_wrapper_hw_platform_0/ps7_init.tcl
targets -set -nocase -filter {name =~"APU*" && jtag_cable_name =~ "Digilent Cora Z7 - 7010 210370AD5263A"} -index 0
loadhw -hw C:/Users/sixpe/Documents/college/EE316P5/EE316P5/EE316P5.sdk/system_wrapper_hw_platform_0/system.hdf -mem-ranges [list {0x40000000 0xbfffffff}]
configparams force-mem-access 1
targets -set -nocase -filter {name =~"APU*" && jtag_cable_name =~ "Digilent Cora Z7 - 7010 210370AD5263A"} -index 0
stop
ps7_init
ps7_post_config
targets -set -nocase -filter {name =~ "ARM*#0" && jtag_cable_name =~ "Digilent Cora Z7 - 7010 210370AD5263A"} -index 0
rst -processor
targets -set -nocase -filter {name =~ "ARM*#0" && jtag_cable_name =~ "Digilent Cora Z7 - 7010 210370AD5263A"} -index 0
dow C:/Users/sixpe/Documents/college/EE316P5/EE316P5/EE316P5.sdk/SYSTEM/Debug/SYSTEM.elf
configparams force-mem-access 0
----------------End of Script----------------

02:28:37 INFO  : Memory regions updated for context APU
02:28:37 INFO  : Context for processor 'ps7_cortexa9_0' is selected.
02:28:37 INFO  : 'con' command is executed.
02:28:37 INFO  : ----------------XSDB Script (After Launch)----------------
targets -set -nocase -filter {name =~ "ARM*#0" && jtag_cable_name =~ "Digilent Cora Z7 - 7010 210370AD5263A"} -index 0
con
----------------End of Script----------------

02:28:37 INFO  : Launch script is exported to file 'C:\Users\sixpe\Documents\college\EE316P5\EE316P5\EE316P5.sdk\.sdk\launch_scripts\xilinx_c-c++_application_(system_debugger)\system_debugger_using_debug_system.elf_on_local.tcl'
02:29:30 INFO  : Disconnected from the channel tcfchan#2.
02:29:31 INFO  : 'targets -set -filter {jtag_cable_name =~ "Digilent Cora Z7 - 7010 210370AD5263A" && level==0} -index 1' command is executed.
02:29:31 INFO  : 'fpga -state' command is executed.
02:29:31 INFO  : Connected to target on host '127.0.0.1' and port '3121'.
02:29:32 INFO  : Jtag cable 'Digilent Cora Z7 - 7010 210370AD5263A' is selected.
02:29:32 INFO  : 'jtag frequency' command is executed.
02:29:32 INFO  : Sourcing of 'C:/Users/sixpe/Documents/college/EE316P5/EE316P5/EE316P5.sdk/system_wrapper_hw_platform_0/ps7_init.tcl' is done.
02:29:32 INFO  : Context for 'APU' is selected.
02:29:36 INFO  : Hardware design information is loaded from 'C:/Users/sixpe/Documents/college/EE316P5/EE316P5/EE316P5.sdk/system_wrapper_hw_platform_0/system.hdf'.
02:29:36 INFO  : 'configparams force-mem-access 1' command is executed.
02:29:36 INFO  : Context for 'APU' is selected.
02:29:36 INFO  : 'stop' command is executed.
02:29:38 INFO  : 'ps7_init' command is executed.
02:29:38 INFO  : 'ps7_post_config' command is executed.
02:29:38 INFO  : Context for processor 'ps7_cortexa9_0' is selected.
02:29:38 INFO  : Processor reset is completed for 'ps7_cortexa9_0'.
02:29:38 INFO  : Context for processor 'ps7_cortexa9_0' is selected.
02:29:38 INFO  : The application 'C:/Users/sixpe/Documents/college/EE316P5/EE316P5/EE316P5.sdk/SYSTEM/Debug/SYSTEM.elf' is downloaded to processor 'ps7_cortexa9_0'.
02:29:38 INFO  : 'configparams force-mem-access 0' command is executed.
02:29:38 INFO  : ----------------XSDB Script----------------
connect -url tcp:127.0.0.1:3121
source C:/Users/sixpe/Documents/college/EE316P5/EE316P5/EE316P5.sdk/system_wrapper_hw_platform_0/ps7_init.tcl
targets -set -nocase -filter {name =~"APU*" && jtag_cable_name =~ "Digilent Cora Z7 - 7010 210370AD5263A"} -index 0
loadhw -hw C:/Users/sixpe/Documents/college/EE316P5/EE316P5/EE316P5.sdk/system_wrapper_hw_platform_0/system.hdf -mem-ranges [list {0x40000000 0xbfffffff}]
configparams force-mem-access 1
targets -set -nocase -filter {name =~"APU*" && jtag_cable_name =~ "Digilent Cora Z7 - 7010 210370AD5263A"} -index 0
stop
ps7_init
ps7_post_config
targets -set -nocase -filter {name =~ "ARM*#0" && jtag_cable_name =~ "Digilent Cora Z7 - 7010 210370AD5263A"} -index 0
rst -processor
targets -set -nocase -filter {name =~ "ARM*#0" && jtag_cable_name =~ "Digilent Cora Z7 - 7010 210370AD5263A"} -index 0
dow C:/Users/sixpe/Documents/college/EE316P5/EE316P5/EE316P5.sdk/SYSTEM/Debug/SYSTEM.elf
configparams force-mem-access 0
----------------End of Script----------------

02:29:38 INFO  : Memory regions updated for context APU
02:29:39 INFO  : Context for processor 'ps7_cortexa9_0' is selected.
02:29:39 INFO  : 'con' command is executed.
02:29:39 INFO  : ----------------XSDB Script (After Launch)----------------
targets -set -nocase -filter {name =~ "ARM*#0" && jtag_cable_name =~ "Digilent Cora Z7 - 7010 210370AD5263A"} -index 0
con
----------------End of Script----------------

02:29:39 INFO  : Launch script is exported to file 'C:\Users\sixpe\Documents\college\EE316P5\EE316P5\EE316P5.sdk\.sdk\launch_scripts\xilinx_c-c++_application_(system_debugger)\system_debugger_using_debug_system.elf_on_local.tcl'
02:30:13 INFO  : Disconnected from the channel tcfchan#3.
02:30:14 INFO  : 'targets -set -filter {jtag_cable_name =~ "Digilent Cora Z7 - 7010 210370AD5263A" && level==0} -index 1' command is executed.
02:30:14 INFO  : 'fpga -state' command is executed.
02:30:14 INFO  : Connected to target on host '127.0.0.1' and port '3121'.
02:30:14 INFO  : Jtag cable 'Digilent Cora Z7 - 7010 210370AD5263A' is selected.
02:30:14 INFO  : 'jtag frequency' command is executed.
02:30:14 INFO  : Sourcing of 'C:/Users/sixpe/Documents/college/EE316P5/EE316P5/EE316P5.sdk/system_wrapper_hw_platform_0/ps7_init.tcl' is done.
02:30:14 INFO  : Context for 'APU' is selected.
02:30:19 INFO  : Hardware design information is loaded from 'C:/Users/sixpe/Documents/college/EE316P5/EE316P5/EE316P5.sdk/system_wrapper_hw_platform_0/system.hdf'.
02:30:19 INFO  : 'configparams force-mem-access 1' command is executed.
02:30:19 INFO  : Context for 'APU' is selected.
02:30:19 INFO  : 'stop' command is executed.
02:30:20 INFO  : 'ps7_init' command is executed.
02:30:20 INFO  : 'ps7_post_config' command is executed.
02:30:20 INFO  : Context for processor 'ps7_cortexa9_0' is selected.
02:30:20 INFO  : Processor reset is completed for 'ps7_cortexa9_0'.
02:30:20 INFO  : Context for processor 'ps7_cortexa9_0' is selected.
02:30:20 INFO  : The application 'C:/Users/sixpe/Documents/college/EE316P5/EE316P5/EE316P5.sdk/SYSTEM/Debug/SYSTEM.elf' is downloaded to processor 'ps7_cortexa9_0'.
02:30:20 INFO  : 'configparams force-mem-access 0' command is executed.
02:30:20 INFO  : ----------------XSDB Script----------------
connect -url tcp:127.0.0.1:3121
source C:/Users/sixpe/Documents/college/EE316P5/EE316P5/EE316P5.sdk/system_wrapper_hw_platform_0/ps7_init.tcl
targets -set -nocase -filter {name =~"APU*" && jtag_cable_name =~ "Digilent Cora Z7 - 7010 210370AD5263A"} -index 0
loadhw -hw C:/Users/sixpe/Documents/college/EE316P5/EE316P5/EE316P5.sdk/system_wrapper_hw_platform_0/system.hdf -mem-ranges [list {0x40000000 0xbfffffff}]
configparams force-mem-access 1
targets -set -nocase -filter {name =~"APU*" && jtag_cable_name =~ "Digilent Cora Z7 - 7010 210370AD5263A"} -index 0
stop
ps7_init
ps7_post_config
targets -set -nocase -filter {name =~ "ARM*#0" && jtag_cable_name =~ "Digilent Cora Z7 - 7010 210370AD5263A"} -index 0
rst -processor
targets -set -nocase -filter {name =~ "ARM*#0" && jtag_cable_name =~ "Digilent Cora Z7 - 7010 210370AD5263A"} -index 0
dow C:/Users/sixpe/Documents/college/EE316P5/EE316P5/EE316P5.sdk/SYSTEM/Debug/SYSTEM.elf
configparams force-mem-access 0
----------------End of Script----------------

02:30:20 INFO  : Memory regions updated for context APU
02:30:21 INFO  : Context for processor 'ps7_cortexa9_0' is selected.
02:30:21 INFO  : 'con' command is executed.
02:30:21 INFO  : ----------------XSDB Script (After Launch)----------------
targets -set -nocase -filter {name =~ "ARM*#0" && jtag_cable_name =~ "Digilent Cora Z7 - 7010 210370AD5263A"} -index 0
con
----------------End of Script----------------

02:30:21 INFO  : Launch script is exported to file 'C:\Users\sixpe\Documents\college\EE316P5\EE316P5\EE316P5.sdk\.sdk\launch_scripts\xilinx_c-c++_application_(system_debugger)\system_debugger_using_debug_system.elf_on_local.tcl'
02:35:45 INFO  : Disconnected from the channel tcfchan#4.
02:35:46 INFO  : 'targets -set -filter {jtag_cable_name =~ "Digilent Cora Z7 - 7010 210370AD5263A" && level==0} -index 1' command is executed.
02:35:46 INFO  : 'fpga -state' command is executed.
02:35:46 INFO  : Connected to target on host '127.0.0.1' and port '3121'.
02:35:47 INFO  : Jtag cable 'Digilent Cora Z7 - 7010 210370AD5263A' is selected.
02:35:47 INFO  : 'jtag frequency' command is executed.
02:35:47 INFO  : Sourcing of 'C:/Users/sixpe/Documents/college/EE316P5/EE316P5/EE316P5.sdk/system_wrapper_hw_platform_0/ps7_init.tcl' is done.
02:35:47 INFO  : Context for 'APU' is selected.
02:35:52 INFO  : Hardware design information is loaded from 'C:/Users/sixpe/Documents/college/EE316P5/EE316P5/EE316P5.sdk/system_wrapper_hw_platform_0/system.hdf'.
02:35:52 INFO  : 'configparams force-mem-access 1' command is executed.
02:35:52 INFO  : Context for 'APU' is selected.
02:35:52 INFO  : 'stop' command is executed.
02:35:53 INFO  : 'ps7_init' command is executed.
02:35:53 INFO  : 'ps7_post_config' command is executed.
02:35:53 INFO  : Context for processor 'ps7_cortexa9_0' is selected.
02:35:53 INFO  : Processor reset is completed for 'ps7_cortexa9_0'.
02:35:53 INFO  : Context for processor 'ps7_cortexa9_0' is selected.
02:35:54 INFO  : The application 'C:/Users/sixpe/Documents/college/EE316P5/EE316P5/EE316P5.sdk/SYSTEM/Debug/SYSTEM.elf' is downloaded to processor 'ps7_cortexa9_0'.
02:35:54 INFO  : 'configparams force-mem-access 0' command is executed.
02:35:54 INFO  : ----------------XSDB Script----------------
connect -url tcp:127.0.0.1:3121
source C:/Users/sixpe/Documents/college/EE316P5/EE316P5/EE316P5.sdk/system_wrapper_hw_platform_0/ps7_init.tcl
targets -set -nocase -filter {name =~"APU*" && jtag_cable_name =~ "Digilent Cora Z7 - 7010 210370AD5263A"} -index 0
loadhw -hw C:/Users/sixpe/Documents/college/EE316P5/EE316P5/EE316P5.sdk/system_wrapper_hw_platform_0/system.hdf -mem-ranges [list {0x40000000 0xbfffffff}]
configparams force-mem-access 1
targets -set -nocase -filter {name =~"APU*" && jtag_cable_name =~ "Digilent Cora Z7 - 7010 210370AD5263A"} -index 0
stop
ps7_init
ps7_post_config
targets -set -nocase -filter {name =~ "ARM*#0" && jtag_cable_name =~ "Digilent Cora Z7 - 7010 210370AD5263A"} -index 0
rst -processor
targets -set -nocase -filter {name =~ "ARM*#0" && jtag_cable_name =~ "Digilent Cora Z7 - 7010 210370AD5263A"} -index 0
dow C:/Users/sixpe/Documents/college/EE316P5/EE316P5/EE316P5.sdk/SYSTEM/Debug/SYSTEM.elf
configparams force-mem-access 0
----------------End of Script----------------

02:35:54 INFO  : Memory regions updated for context APU
02:35:54 INFO  : Context for processor 'ps7_cortexa9_0' is selected.
02:35:54 INFO  : 'con' command is executed.
02:35:54 INFO  : ----------------XSDB Script (After Launch)----------------
targets -set -nocase -filter {name =~ "ARM*#0" && jtag_cable_name =~ "Digilent Cora Z7 - 7010 210370AD5263A"} -index 0
con
----------------End of Script----------------

02:35:54 INFO  : Launch script is exported to file 'C:\Users\sixpe\Documents\college\EE316P5\EE316P5\EE316P5.sdk\.sdk\launch_scripts\xilinx_c-c++_application_(system_debugger)\system_debugger_using_debug_system.elf_on_local.tcl'
02:36:44 INFO  : Disconnected from the channel tcfchan#5.
02:36:45 INFO  : 'targets -set -filter {jtag_cable_name =~ "Digilent Cora Z7 - 7010 210370AD5263A" && level==0} -index 1' command is executed.
02:36:45 INFO  : 'fpga -state' command is executed.
02:36:45 INFO  : Connected to target on host '127.0.0.1' and port '3121'.
02:36:46 INFO  : Jtag cable 'Digilent Cora Z7 - 7010 210370AD5263A' is selected.
02:36:46 INFO  : 'jtag frequency' command is executed.
02:36:46 INFO  : Sourcing of 'C:/Users/sixpe/Documents/college/EE316P5/EE316P5/EE316P5.sdk/system_wrapper_hw_platform_0/ps7_init.tcl' is done.
02:36:46 INFO  : Context for 'APU' is selected.
02:36:50 INFO  : Hardware design information is loaded from 'C:/Users/sixpe/Documents/college/EE316P5/EE316P5/EE316P5.sdk/system_wrapper_hw_platform_0/system.hdf'.
02:36:50 INFO  : 'configparams force-mem-access 1' command is executed.
02:36:51 INFO  : Context for 'APU' is selected.
02:36:51 INFO  : 'stop' command is executed.
02:36:52 INFO  : 'ps7_init' command is executed.
02:36:52 INFO  : 'ps7_post_config' command is executed.
02:36:52 INFO  : Context for processor 'ps7_cortexa9_0' is selected.
02:36:52 INFO  : Processor reset is completed for 'ps7_cortexa9_0'.
02:36:52 INFO  : Context for processor 'ps7_cortexa9_0' is selected.
02:36:52 INFO  : The application 'C:/Users/sixpe/Documents/college/EE316P5/EE316P5/EE316P5.sdk/SYSTEM/Debug/SYSTEM.elf' is downloaded to processor 'ps7_cortexa9_0'.
02:36:52 INFO  : 'configparams force-mem-access 0' command is executed.
02:36:52 INFO  : ----------------XSDB Script----------------
connect -url tcp:127.0.0.1:3121
source C:/Users/sixpe/Documents/college/EE316P5/EE316P5/EE316P5.sdk/system_wrapper_hw_platform_0/ps7_init.tcl
targets -set -nocase -filter {name =~"APU*" && jtag_cable_name =~ "Digilent Cora Z7 - 7010 210370AD5263A"} -index 0
loadhw -hw C:/Users/sixpe/Documents/college/EE316P5/EE316P5/EE316P5.sdk/system_wrapper_hw_platform_0/system.hdf -mem-ranges [list {0x40000000 0xbfffffff}]
configparams force-mem-access 1
targets -set -nocase -filter {name =~"APU*" && jtag_cable_name =~ "Digilent Cora Z7 - 7010 210370AD5263A"} -index 0
stop
ps7_init
ps7_post_config
targets -set -nocase -filter {name =~ "ARM*#0" && jtag_cable_name =~ "Digilent Cora Z7 - 7010 210370AD5263A"} -index 0
rst -processor
targets -set -nocase -filter {name =~ "ARM*#0" && jtag_cable_name =~ "Digilent Cora Z7 - 7010 210370AD5263A"} -index 0
dow C:/Users/sixpe/Documents/college/EE316P5/EE316P5/EE316P5.sdk/SYSTEM/Debug/SYSTEM.elf
configparams force-mem-access 0
----------------End of Script----------------

02:36:53 INFO  : Memory regions updated for context APU
02:36:53 INFO  : Context for processor 'ps7_cortexa9_0' is selected.
02:36:53 INFO  : 'con' command is executed.
02:36:53 INFO  : ----------------XSDB Script (After Launch)----------------
targets -set -nocase -filter {name =~ "ARM*#0" && jtag_cable_name =~ "Digilent Cora Z7 - 7010 210370AD5263A"} -index 0
con
----------------End of Script----------------

02:36:53 INFO  : Launch script is exported to file 'C:\Users\sixpe\Documents\college\EE316P5\EE316P5\EE316P5.sdk\.sdk\launch_scripts\xilinx_c-c++_application_(system_debugger)\system_debugger_using_debug_system.elf_on_local.tcl'
